<?xml version="1.0" encoding="UTF-8" ?>
<testsuite failures="0" time="6.467" errors="0" skipped="0" tests="1" name="uk.co.patrickcunningham.controller.SearchControllerTest">
  <properties>
    <property name="java.runtime.name" value="Java(TM) SE Runtime Environment"/>
    <property name="sun.boot.library.path" value="C:\Program Files\Java\jdk1.6.0_31\jre\bin"/>
    <property name="java.vm.version" value="20.6-b01"/>
    <property name="java.vm.vendor" value="Sun Microsystems Inc."/>
    <property name="java.vendor.url" value="http://java.sun.com/"/>
    <property name="path.separator" value=";"/>
    <property name="java.vm.name" value="Java HotSpot(TM) Client VM"/>
    <property name="file.encoding.pkg" value="sun.io"/>
    <property name="user.country" value="GB"/>
    <property name="sun.java.launcher" value="SUN_STANDARD"/>
    <property name="sun.os.patch.level" value="Service Pack 3"/>
    <property name="java.vm.specification.name" value="Java Virtual Machine Specification"/>
    <property name="user.dir" value="C:\serene-meadow\serene-meadow-8734"/>
    <property name="java.runtime.version" value="1.6.0_31-b05"/>
    <property name="java.awt.graphicsenv" value="sun.awt.Win32GraphicsEnvironment"/>
    <property name="basedir" value="C:\serene-meadow\serene-meadow-8734"/>
    <property name="java.endorsed.dirs" value="C:\Program Files\Java\jdk1.6.0_31\jre\lib\endorsed"/>
    <property name="os.arch" value="x86"/>
    <property name="surefire.real.class.path" value="C:\DOCUME~1\patrc3\LOCALS~1\Temp\surefirebooter1868258075893652376.jar"/>
    <property name="java.io.tmpdir" value="C:\DOCUME~1\patrc3\LOCALS~1\Temp\"/>
    <property name="line.separator" value="
"/>
    <property name="java.vm.specification.vendor" value="Sun Microsystems Inc."/>
    <property name="user.variant" value=""/>
    <property name="os.name" value="Windows XP"/>
    <property name="sun.jnu.encoding" value="Cp1252"/>
    <property name="java.library.path" value="C:\Program Files\Java\jdk1.6.0_31\jre\bin;C:\WINDOWS\Sun\Java\bin;C:\WINDOWS\system32;C:\WINDOWS;C:\WINDOWS\system32;C:\WINDOWS;C:\WINDOWS\System32\Wbem;C:\Program Files\Enterprise Vault\EVClient\;C:\Program Files\ATI Technologies\ATI.ACE\Core-Static;C:\Program Files\Java\jdk1.6.0_31\bin;C:\Program Files\Microsoft\Web Platform Installer\;c:\Program Files\Microsoft SQL Server\100\Tools\Binn\;c:\Program Files\Microsoft SQL Server\100\DTS\Binn\;C:\WINDOWS\system32\WindowsPowerShell\v1.0;c:\Program Files\Microsoft ASP.NET\ASP.NET Web Pages\v1.0\;C:\Program Files\TortoiseSVN\bin;C:\Program Files\Subversion\bin;C:\Program Files\Heroku\bin;C:\Program Files\ruby-1.9.2\bin;C:\Program Files\git\bin;C:\Program Files\git\cmd;%MAVEN_HOME%bin;;."/>
    <property name="surefire.test.class.path" value="C:\serene-meadow\serene-meadow-8734\target\test-classes;C:\serene-meadow\serene-meadow-8734\target\classes;C:\Documents and Settings\patrc3\.m2\repository\javax\servlet\javax.servlet-api\3.0.1\javax.servlet-api-3.0.1.jar;C:\Documents and Settings\patrc3\.m2\repository\org\springframework\spring-webmvc\3.1.1.RELEASE\spring-webmvc-3.1.1.RELEASE.jar;C:\Documents and Settings\patrc3\.m2\repository\org\springframework\spring-asm\3.1.1.RELEASE\spring-asm-3.1.1.RELEASE.jar;C:\Documents and Settings\patrc3\.m2\repository\org\springframework\spring-beans\3.1.1.RELEASE\spring-beans-3.1.1.RELEASE.jar;C:\Documents and Settings\patrc3\.m2\repository\org\springframework\spring-core\3.1.1.RELEASE\spring-core-3.1.1.RELEASE.jar;C:\Documents and Settings\patrc3\.m2\repository\commons-logging\commons-logging\1.1.1\commons-logging-1.1.1.jar;C:\Documents and Settings\patrc3\.m2\repository\org\springframework\spring-context\3.1.1.RELEASE\spring-context-3.1.1.RELEASE.jar;C:\Documents and Settings\patrc3\.m2\repository\org\springframework\spring-aop\3.1.1.RELEASE\spring-aop-3.1.1.RELEASE.jar;C:\Documents and Settings\patrc3\.m2\repository\aopalliance\aopalliance\1.0\aopalliance-1.0.jar;C:\Documents and Settings\patrc3\.m2\repository\org\springframework\spring-expression\3.1.1.RELEASE\spring-expression-3.1.1.RELEASE.jar;C:\Documents and Settings\patrc3\.m2\repository\org\springframework\spring-context-support\3.1.1.RELEASE\spring-context-support-3.1.1.RELEASE.jar;C:\Documents and Settings\patrc3\.m2\repository\org\springframework\spring-web\3.1.1.RELEASE\spring-web-3.1.1.RELEASE.jar;C:\Documents and Settings\patrc3\.m2\repository\org\springframework\spring-orm\3.1.1.RELEASE\spring-orm-3.1.1.RELEASE.jar;C:\Documents and Settings\patrc3\.m2\repository\org\springframework\spring-jdbc\3.1.1.RELEASE\spring-jdbc-3.1.1.RELEASE.jar;C:\Documents and Settings\patrc3\.m2\repository\org\springframework\spring-tx\3.1.1.RELEASE\spring-tx-3.1.1.RELEASE.jar;C:\Documents and Settings\patrc3\.m2\repository\taglibs\standard\1.1.2\standard-1.1.2.jar;C:\Documents and Settings\patrc3\.m2\repository\javax\servlet\jstl\1.2\jstl-1.2.jar;C:\Documents and Settings\patrc3\.m2\repository\org\hsqldb\hsqldb\2.2.8\hsqldb-2.2.8.jar;C:\Documents and Settings\patrc3\.m2\repository\postgresql\postgresql\9.1-901.jdbc4\postgresql-9.1-901.jdbc4.jar;C:\Documents and Settings\patrc3\.m2\repository\commons-dbcp\commons-dbcp\1.4\commons-dbcp-1.4.jar;C:\Documents and Settings\patrc3\.m2\repository\commons-pool\commons-pool\1.5.4\commons-pool-1.5.4.jar;C:\Documents and Settings\patrc3\.m2\repository\org\hibernate\hibernate-entitymanager\3.6.10.Final\hibernate-entitymanager-3.6.10.Final.jar;C:\Documents and Settings\patrc3\.m2\repository\org\hibernate\hibernate-core\3.6.10.Final\hibernate-core-3.6.10.Final.jar;C:\Documents and Settings\patrc3\.m2\repository\antlr\antlr\2.7.6\antlr-2.7.6.jar;C:\Documents and Settings\patrc3\.m2\repository\commons-collections\commons-collections\3.1\commons-collections-3.1.jar;C:\Documents and Settings\patrc3\.m2\repository\dom4j\dom4j\1.6.1\dom4j-1.6.1.jar;C:\Documents and Settings\patrc3\.m2\repository\org\hibernate\hibernate-commons-annotations\3.2.0.Final\hibernate-commons-annotations-3.2.0.Final.jar;C:\Documents and Settings\patrc3\.m2\repository\org\slf4j\slf4j-api\1.6.1\slf4j-api-1.6.1.jar;C:\Documents and Settings\patrc3\.m2\repository\org\hibernate\javax\persistence\hibernate-jpa-2.0-api\1.0.1.Final\hibernate-jpa-2.0-api-1.0.1.Final.jar;C:\Documents and Settings\patrc3\.m2\repository\javax\transaction\jta\1.1\jta-1.1.jar;C:\Documents and Settings\patrc3\.m2\repository\cglib\cglib\2.2\cglib-2.2.jar;C:\Documents and Settings\patrc3\.m2\repository\asm\asm\3.1\asm-3.1.jar;C:\Documents and Settings\patrc3\.m2\repository\javassist\javassist\3.12.0.GA\javassist-3.12.0.GA.jar;C:\Documents and Settings\patrc3\.m2\repository\com\github\jsimone\webapp-runner\7.0.34.0\webapp-runner-7.0.34.0.jar;C:\Documents and Settings\patrc3\.m2\repository\org\apache\tomcat\embed\tomcat-embed-core\7.0.34\tomcat-embed-core-7.0.34.jar;C:\Documents and Settings\patrc3\.m2\repository\org\apache\tomcat\embed\tomcat-embed-logging-juli\7.0.34\tomcat-embed-logging-juli-7.0.34.jar;C:\Documents and Settings\patrc3\.m2\repository\org\apache\tomcat\embed\tomcat-embed-jasper\7.0.34\tomcat-embed-jasper-7.0.34.jar;C:\Documents and Settings\patrc3\.m2\repository\org\eclipse\jdt\core\compiler\ecj\3.7.2\ecj-3.7.2.jar;C:\Documents and Settings\patrc3\.m2\repository\org\apache\tomcat\tomcat-jasper\7.0.34\tomcat-jasper-7.0.34.jar;C:\Documents and Settings\patrc3\.m2\repository\org\apache\tomcat\tomcat-servlet-api\7.0.34\tomcat-servlet-api-7.0.34.jar;C:\Documents and Settings\patrc3\.m2\repository\org\apache\tomcat\tomcat-juli\7.0.34\tomcat-juli-7.0.34.jar;C:\Documents and Settings\patrc3\.m2\repository\org\apache\tomcat\tomcat-jsp-api\7.0.34\tomcat-jsp-api-7.0.34.jar;C:\Documents and Settings\patrc3\.m2\repository\org\apache\tomcat\tomcat-el-api\7.0.34\tomcat-el-api-7.0.34.jar;C:\Documents and Settings\patrc3\.m2\repository\org\apache\tomcat\tomcat-jasper-el\7.0.34\tomcat-jasper-el-7.0.34.jar;C:\Documents and Settings\patrc3\.m2\repository\org\apache\tomcat\tomcat-api\7.0.34\tomcat-api-7.0.34.jar;C:\Documents and Settings\patrc3\.m2\repository\org\apache\tomcat\tomcat-util\7.0.34\tomcat-util-7.0.34.jar;C:\Documents and Settings\patrc3\.m2\repository\ru\zinin\tomcat-redis-session\0.4\tomcat-redis-session-0.4.jar;C:\Documents and Settings\patrc3\.m2\repository\redis\clients\jedis\2.0.0\jedis-2.0.0.jar;C:\Documents and Settings\patrc3\.m2\repository\com\beust\jcommander\1.27\jcommander-1.27.jar;C:\Documents and Settings\patrc3\.m2\repository\commons-io\commons-io\2.3\commons-io-2.3.jar;C:\Documents and Settings\patrc3\.m2\repository\de\javakaffee\msm\memcached-session-manager-tc7\1.6.3\memcached-session-manager-tc7-1.6.3.jar;C:\Documents and Settings\patrc3\.m2\repository\de\javakaffee\msm\memcached-session-manager\1.6.3\memcached-session-manager-1.6.3.jar;C:\Documents and Settings\patrc3\.m2\repository\spy\spymemcached\2.7.3\spymemcached-2.7.3.jar;C:\Documents and Settings\patrc3\.m2\repository\org\jboss\netty\netty\3.2.0.Final\netty-3.2.0.Final.jar;C:\Documents and Settings\patrc3\.m2\repository\org\codehaus\jettison\jettison\1.1\jettison-1.1.jar;C:\Documents and Settings\patrc3\.m2\repository\stax\stax-api\1.0.1\stax-api-1.0.1.jar;C:\Documents and Settings\patrc3\.m2\repository\commons-codec\commons-codec\1.5\commons-codec-1.5.jar;C:\Documents and Settings\patrc3\.m2\repository\com\google\code\findbugs\jsr305\1.3.9\jsr305-1.3.9.jar;C:\Documents and Settings\patrc3\.m2\repository\com\google\code\findbugs\annotations\1.3.9\annotations-1.3.9.jar;C:\Documents and Settings\patrc3\.m2\repository\org\apache\tomcat\tomcat-catalina\7.0.23\tomcat-catalina-7.0.23.jar;C:\Documents and Settings\patrc3\.m2\repository\org\apache\tomcat\tomcat-annotations-api\7.0.23\tomcat-annotations-api-7.0.23.jar;C:\Documents and Settings\patrc3\.m2\repository\org\apache\tomcat\tomcat-catalina-ha\7.0.23\tomcat-catalina-ha-7.0.23.jar;C:\Documents and Settings\patrc3\.m2\repository\org\apache\tomcat\tomcat-coyote\7.0.23\tomcat-coyote-7.0.23.jar;C:\Documents and Settings\patrc3\.m2\repository\org\apache\tomcat\tomcat-tribes\7.0.23\tomcat-tribes-7.0.23.jar;C:\Documents and Settings\patrc3\.m2\repository\org\codehaus\jackson\com.springsource.org.codehaus.jackson\1.4.3\com.springsource.org.codehaus.jackson-1.4.3.jar;C:\Documents and Settings\patrc3\.m2\repository\org\codehaus\jackson\com.springsource.org.codehaus.jackson.mapper\1.4.3\com.springsource.org.codehaus.jackson.mapper-1.4.3.jar;C:\Documents and Settings\patrc3\.m2\repository\commons-lang\commons-lang\2.4\commons-lang-2.4.jar;C:\Documents and Settings\patrc3\.m2\repository\com\fasterxml\jackson\core\jackson-databind\2.0.0\jackson-databind-2.0.0.jar;C:\Documents and Settings\patrc3\.m2\repository\com\fasterxml\jackson\core\jackson-annotations\2.0.0\jackson-annotations-2.0.0.jar;C:\Documents and Settings\patrc3\.m2\repository\com\fasterxml\jackson\core\jackson-core\2.0.0\jackson-core-2.0.0.jar;C:\Documents and Settings\patrc3\.m2\repository\org\springframework\org.springframework.test\3.1.1.RELEASE\org.springframework.test-3.1.1.RELEASE.jar;C:\Documents and Settings\patrc3\.m2\repository\junit\junit\4.10\junit-4.10.jar;C:\Documents and Settings\patrc3\.m2\repository\org\hamcrest\hamcrest-core\1.1\hamcrest-core-1.1.jar;C:\Documents and Settings\patrc3\.m2\repository\org\apache\commons\com.springsource.org.apache.commons.httpclient\3.1.0\com.springsource.org.apache.commons.httpclient-3.1.0.jar;C:\Documents and Settings\patrc3\.m2\repository\org\apache\commons\com.springsource.org.apache.commons.codec\1.3.0\com.springsource.org.apache.commons.codec-1.3.0.jar;C:\Documents and Settings\patrc3\.m2\repository\org\apache\commons\com.springsource.org.apache.commons.logging\1.1.1\com.springsource.org.apache.commons.logging-1.1.1.jar;C:\Documents and Settings\patrc3\.m2\repository\log4j\log4j\1.2.16\log4j-1.2.16.jar;C:\Documents and Settings\patrc3\.m2\repository\org\mockito\mockito-core\1.8.5\mockito-core-1.8.5.jar;C:\Documents and Settings\patrc3\.m2\repository\org\objenesis\objenesis\1.0\objenesis-1.0.jar;C:\Documents and Settings\patrc3\.m2\repository\org\hibernate\hibernate-validator\4.1.0.Final\hibernate-validator-4.1.0.Final.jar;C:\Documents and Settings\patrc3\.m2\repository\javax\validation\validation-api\1.0.0.GA\validation-api-1.0.0.GA.jar;"/>
    <property name="java.specification.name" value="Java Platform API Specification"/>
    <property name="java.class.version" value="50.0"/>
    <property name="sun.management.compiler" value="HotSpot Client Compiler"/>
    <property name="os.version" value="5.1"/>
    <property name="user.home" value="C:\Documents and Settings\patrc3"/>
    <property name="user.timezone" value="Europe/London"/>
    <property name="java.awt.printerjob" value="sun.awt.windows.WPrinterJob"/>
    <property name="java.specification.version" value="1.6"/>
    <property name="file.encoding" value="Cp1252"/>
    <property name="user.name" value="patrc3"/>
    <property name="java.class.path" value="C:\serene-meadow\serene-meadow-8734\target\test-classes;C:\serene-meadow\serene-meadow-8734\target\classes;C:\Documents and Settings\patrc3\.m2\repository\javax\servlet\javax.servlet-api\3.0.1\javax.servlet-api-3.0.1.jar;C:\Documents and Settings\patrc3\.m2\repository\org\springframework\spring-webmvc\3.1.1.RELEASE\spring-webmvc-3.1.1.RELEASE.jar;C:\Documents and Settings\patrc3\.m2\repository\org\springframework\spring-asm\3.1.1.RELEASE\spring-asm-3.1.1.RELEASE.jar;C:\Documents and Settings\patrc3\.m2\repository\org\springframework\spring-beans\3.1.1.RELEASE\spring-beans-3.1.1.RELEASE.jar;C:\Documents and Settings\patrc3\.m2\repository\org\springframework\spring-core\3.1.1.RELEASE\spring-core-3.1.1.RELEASE.jar;C:\Documents and Settings\patrc3\.m2\repository\commons-logging\commons-logging\1.1.1\commons-logging-1.1.1.jar;C:\Documents and Settings\patrc3\.m2\repository\org\springframework\spring-context\3.1.1.RELEASE\spring-context-3.1.1.RELEASE.jar;C:\Documents and Settings\patrc3\.m2\repository\org\springframework\spring-aop\3.1.1.RELEASE\spring-aop-3.1.1.RELEASE.jar;C:\Documents and Settings\patrc3\.m2\repository\aopalliance\aopalliance\1.0\aopalliance-1.0.jar;C:\Documents and Settings\patrc3\.m2\repository\org\springframework\spring-expression\3.1.1.RELEASE\spring-expression-3.1.1.RELEASE.jar;C:\Documents and Settings\patrc3\.m2\repository\org\springframework\spring-context-support\3.1.1.RELEASE\spring-context-support-3.1.1.RELEASE.jar;C:\Documents and Settings\patrc3\.m2\repository\org\springframework\spring-web\3.1.1.RELEASE\spring-web-3.1.1.RELEASE.jar;C:\Documents and Settings\patrc3\.m2\repository\org\springframework\spring-orm\3.1.1.RELEASE\spring-orm-3.1.1.RELEASE.jar;C:\Documents and Settings\patrc3\.m2\repository\org\springframework\spring-jdbc\3.1.1.RELEASE\spring-jdbc-3.1.1.RELEASE.jar;C:\Documents and Settings\patrc3\.m2\repository\org\springframework\spring-tx\3.1.1.RELEASE\spring-tx-3.1.1.RELEASE.jar;C:\Documents and Settings\patrc3\.m2\repository\taglibs\standard\1.1.2\standard-1.1.2.jar;C:\Documents and Settings\patrc3\.m2\repository\javax\servlet\jstl\1.2\jstl-1.2.jar;C:\Documents and Settings\patrc3\.m2\repository\org\hsqldb\hsqldb\2.2.8\hsqldb-2.2.8.jar;C:\Documents and Settings\patrc3\.m2\repository\postgresql\postgresql\9.1-901.jdbc4\postgresql-9.1-901.jdbc4.jar;C:\Documents and Settings\patrc3\.m2\repository\commons-dbcp\commons-dbcp\1.4\commons-dbcp-1.4.jar;C:\Documents and Settings\patrc3\.m2\repository\commons-pool\commons-pool\1.5.4\commons-pool-1.5.4.jar;C:\Documents and Settings\patrc3\.m2\repository\org\hibernate\hibernate-entitymanager\3.6.10.Final\hibernate-entitymanager-3.6.10.Final.jar;C:\Documents and Settings\patrc3\.m2\repository\org\hibernate\hibernate-core\3.6.10.Final\hibernate-core-3.6.10.Final.jar;C:\Documents and Settings\patrc3\.m2\repository\antlr\antlr\2.7.6\antlr-2.7.6.jar;C:\Documents and Settings\patrc3\.m2\repository\commons-collections\commons-collections\3.1\commons-collections-3.1.jar;C:\Documents and Settings\patrc3\.m2\repository\dom4j\dom4j\1.6.1\dom4j-1.6.1.jar;C:\Documents and Settings\patrc3\.m2\repository\org\hibernate\hibernate-commons-annotations\3.2.0.Final\hibernate-commons-annotations-3.2.0.Final.jar;C:\Documents and Settings\patrc3\.m2\repository\org\slf4j\slf4j-api\1.6.1\slf4j-api-1.6.1.jar;C:\Documents and Settings\patrc3\.m2\repository\org\hibernate\javax\persistence\hibernate-jpa-2.0-api\1.0.1.Final\hibernate-jpa-2.0-api-1.0.1.Final.jar;C:\Documents and Settings\patrc3\.m2\repository\javax\transaction\jta\1.1\jta-1.1.jar;C:\Documents and Settings\patrc3\.m2\repository\cglib\cglib\2.2\cglib-2.2.jar;C:\Documents and Settings\patrc3\.m2\repository\asm\asm\3.1\asm-3.1.jar;C:\Documents and Settings\patrc3\.m2\repository\javassist\javassist\3.12.0.GA\javassist-3.12.0.GA.jar;C:\Documents and Settings\patrc3\.m2\repository\com\github\jsimone\webapp-runner\7.0.34.0\webapp-runner-7.0.34.0.jar;C:\Documents and Settings\patrc3\.m2\repository\org\apache\tomcat\embed\tomcat-embed-core\7.0.34\tomcat-embed-core-7.0.34.jar;C:\Documents and Settings\patrc3\.m2\repository\org\apache\tomcat\embed\tomcat-embed-logging-juli\7.0.34\tomcat-embed-logging-juli-7.0.34.jar;C:\Documents and Settings\patrc3\.m2\repository\org\apache\tomcat\embed\tomcat-embed-jasper\7.0.34\tomcat-embed-jasper-7.0.34.jar;C:\Documents and Settings\patrc3\.m2\repository\org\eclipse\jdt\core\compiler\ecj\3.7.2\ecj-3.7.2.jar;C:\Documents and Settings\patrc3\.m2\repository\org\apache\tomcat\tomcat-jasper\7.0.34\tomcat-jasper-7.0.34.jar;C:\Documents and Settings\patrc3\.m2\repository\org\apache\tomcat\tomcat-servlet-api\7.0.34\tomcat-servlet-api-7.0.34.jar;C:\Documents and Settings\patrc3\.m2\repository\org\apache\tomcat\tomcat-juli\7.0.34\tomcat-juli-7.0.34.jar;C:\Documents and Settings\patrc3\.m2\repository\org\apache\tomcat\tomcat-jsp-api\7.0.34\tomcat-jsp-api-7.0.34.jar;C:\Documents and Settings\patrc3\.m2\repository\org\apache\tomcat\tomcat-el-api\7.0.34\tomcat-el-api-7.0.34.jar;C:\Documents and Settings\patrc3\.m2\repository\org\apache\tomcat\tomcat-jasper-el\7.0.34\tomcat-jasper-el-7.0.34.jar;C:\Documents and Settings\patrc3\.m2\repository\org\apache\tomcat\tomcat-api\7.0.34\tomcat-api-7.0.34.jar;C:\Documents and Settings\patrc3\.m2\repository\org\apache\tomcat\tomcat-util\7.0.34\tomcat-util-7.0.34.jar;C:\Documents and Settings\patrc3\.m2\repository\ru\zinin\tomcat-redis-session\0.4\tomcat-redis-session-0.4.jar;C:\Documents and Settings\patrc3\.m2\repository\redis\clients\jedis\2.0.0\jedis-2.0.0.jar;C:\Documents and Settings\patrc3\.m2\repository\com\beust\jcommander\1.27\jcommander-1.27.jar;C:\Documents and Settings\patrc3\.m2\repository\commons-io\commons-io\2.3\commons-io-2.3.jar;C:\Documents and Settings\patrc3\.m2\repository\de\javakaffee\msm\memcached-session-manager-tc7\1.6.3\memcached-session-manager-tc7-1.6.3.jar;C:\Documents and Settings\patrc3\.m2\repository\de\javakaffee\msm\memcached-session-manager\1.6.3\memcached-session-manager-1.6.3.jar;C:\Documents and Settings\patrc3\.m2\repository\spy\spymemcached\2.7.3\spymemcached-2.7.3.jar;C:\Documents and Settings\patrc3\.m2\repository\org\jboss\netty\netty\3.2.0.Final\netty-3.2.0.Final.jar;C:\Documents and Settings\patrc3\.m2\repository\org\codehaus\jettison\jettison\1.1\jettison-1.1.jar;C:\Documents and Settings\patrc3\.m2\repository\stax\stax-api\1.0.1\stax-api-1.0.1.jar;C:\Documents and Settings\patrc3\.m2\repository\commons-codec\commons-codec\1.5\commons-codec-1.5.jar;C:\Documents and Settings\patrc3\.m2\repository\com\google\code\findbugs\jsr305\1.3.9\jsr305-1.3.9.jar;C:\Documents and Settings\patrc3\.m2\repository\com\google\code\findbugs\annotations\1.3.9\annotations-1.3.9.jar;C:\Documents and Settings\patrc3\.m2\repository\org\apache\tomcat\tomcat-catalina\7.0.23\tomcat-catalina-7.0.23.jar;C:\Documents and Settings\patrc3\.m2\repository\org\apache\tomcat\tomcat-annotations-api\7.0.23\tomcat-annotations-api-7.0.23.jar;C:\Documents and Settings\patrc3\.m2\repository\org\apache\tomcat\tomcat-catalina-ha\7.0.23\tomcat-catalina-ha-7.0.23.jar;C:\Documents and Settings\patrc3\.m2\repository\org\apache\tomcat\tomcat-coyote\7.0.23\tomcat-coyote-7.0.23.jar;C:\Documents and Settings\patrc3\.m2\repository\org\apache\tomcat\tomcat-tribes\7.0.23\tomcat-tribes-7.0.23.jar;C:\Documents and Settings\patrc3\.m2\repository\org\codehaus\jackson\com.springsource.org.codehaus.jackson\1.4.3\com.springsource.org.codehaus.jackson-1.4.3.jar;C:\Documents and Settings\patrc3\.m2\repository\org\codehaus\jackson\com.springsource.org.codehaus.jackson.mapper\1.4.3\com.springsource.org.codehaus.jackson.mapper-1.4.3.jar;C:\Documents and Settings\patrc3\.m2\repository\commons-lang\commons-lang\2.4\commons-lang-2.4.jar;C:\Documents and Settings\patrc3\.m2\repository\com\fasterxml\jackson\core\jackson-databind\2.0.0\jackson-databind-2.0.0.jar;C:\Documents and Settings\patrc3\.m2\repository\com\fasterxml\jackson\core\jackson-annotations\2.0.0\jackson-annotations-2.0.0.jar;C:\Documents and Settings\patrc3\.m2\repository\com\fasterxml\jackson\core\jackson-core\2.0.0\jackson-core-2.0.0.jar;C:\Documents and Settings\patrc3\.m2\repository\org\springframework\org.springframework.test\3.1.1.RELEASE\org.springframework.test-3.1.1.RELEASE.jar;C:\Documents and Settings\patrc3\.m2\repository\junit\junit\4.10\junit-4.10.jar;C:\Documents and Settings\patrc3\.m2\repository\org\hamcrest\hamcrest-core\1.1\hamcrest-core-1.1.jar;C:\Documents and Settings\patrc3\.m2\repository\org\apache\commons\com.springsource.org.apache.commons.httpclient\3.1.0\com.springsource.org.apache.commons.httpclient-3.1.0.jar;C:\Documents and Settings\patrc3\.m2\repository\org\apache\commons\com.springsource.org.apache.commons.codec\1.3.0\com.springsource.org.apache.commons.codec-1.3.0.jar;C:\Documents and Settings\patrc3\.m2\repository\org\apache\commons\com.springsource.org.apache.commons.logging\1.1.1\com.springsource.org.apache.commons.logging-1.1.1.jar;C:\Documents and Settings\patrc3\.m2\repository\log4j\log4j\1.2.16\log4j-1.2.16.jar;C:\Documents and Settings\patrc3\.m2\repository\org\mockito\mockito-core\1.8.5\mockito-core-1.8.5.jar;C:\Documents and Settings\patrc3\.m2\repository\org\objenesis\objenesis\1.0\objenesis-1.0.jar;C:\Documents and Settings\patrc3\.m2\repository\org\hibernate\hibernate-validator\4.1.0.Final\hibernate-validator-4.1.0.Final.jar;C:\Documents and Settings\patrc3\.m2\repository\javax\validation\validation-api\1.0.0.GA\validation-api-1.0.0.GA.jar;"/>
    <property name="java.vm.specification.version" value="1.0"/>
    <property name="sun.arch.data.model" value="32"/>
    <property name="java.home" value="C:\Program Files\Java\jdk1.6.0_31\jre"/>
    <property name="sun.java.command" value="C:\DOCUME~1\patrc3\LOCALS~1\Temp\surefirebooter1868258075893652376.jar C:\DOCUME~1\patrc3\LOCALS~1\Temp\surefire2099139318915774730tmp C:\DOCUME~1\patrc3\LOCALS~1\Temp\surefire4745840381241355563tmp"/>
    <property name="java.specification.vendor" value="Sun Microsystems Inc."/>
    <property name="user.language" value="en"/>
    <property name="awt.toolkit" value="sun.awt.windows.WToolkit"/>
    <property name="java.vm.info" value="mixed mode, sharing"/>
    <property name="java.version" value="1.6.0_31"/>
    <property name="java.ext.dirs" value="C:\Program Files\Java\jdk1.6.0_31\jre\lib\ext;C:\WINDOWS\Sun\Java\lib\ext"/>
    <property name="sun.boot.class.path" value="C:\Program Files\Java\jdk1.6.0_31\jre\lib\resources.jar;C:\Program Files\Java\jdk1.6.0_31\jre\lib\rt.jar;C:\Program Files\Java\jdk1.6.0_31\jre\lib\sunrsasign.jar;C:\Program Files\Java\jdk1.6.0_31\jre\lib\jsse.jar;C:\Program Files\Java\jdk1.6.0_31\jre\lib\jce.jar;C:\Program Files\Java\jdk1.6.0_31\jre\lib\charsets.jar;C:\Program Files\Java\jdk1.6.0_31\jre\lib\modules\jdk.boot.jar;C:\Program Files\Java\jdk1.6.0_31\jre\classes"/>
    <property name="java.vendor" value="Sun Microsystems Inc."/>
    <property name="localRepository" value="C:\Documents and Settings\patrc3\.m2\repository"/>
    <property name="file.separator" value="\"/>
    <property name="java.vendor.url.bug" value="http://java.sun.com/cgi-bin/bugreport.cgi"/>
    <property name="sun.cpu.endian" value="little"/>
    <property name="sun.io.unicode.encoding" value="UnicodeLittle"/>
    <property name="sun.desktop" value="windows"/>
    <property name="sun.cpu.isalist" value="pentium_pro+mmx pentium_pro pentium+mmx pentium i486 i386 i86"/>
  </properties>
  <testcase time="6.452" classname="uk.co.patrickcunningham.controller.SearchControllerTest" name="testSearchDynamic"/>
</testsuite>